<?xml version="1.0" encoding="UTF-8"?>
<!-- Generated by org.testng.reporters.JUnitXMLReporter -->
<testsuite ignored="3" hostname="LAP-ART-MP249ZM3" failures="0" tests="1" name="Default test" time="1.975" errors="0" timestamp="2024-04-03T18:05:12 IST">
  <testcase classname="Restt.Restt.ss" name="Get" time="1.942"/>
  <testcase classname="Restt.Restt.ss" name="post" time="0.0">
    <ignored/>
  </testcase> <!-- post -->
  <testcase classname="Restt.Restt.ss" name="delete" time="0.0">
    <ignored/>
  </testcase> <!-- delete -->
  <testcase classname="Restt.Restt.ss" name="put" time="0.0">
    <ignored/>
  </testcase> <!-- put -->
</testsuite> <!-- Default test -->
